2017-06-28T19:00:10.498Z - normal: Load ~/.CocosCreator/settings.json
2017-06-28T19:00:10.504Z - normal: checking language setting...
2017-06-28T19:00:10.504Z - normal: Language: en
2017-06-28T19:00:12.452Z - success: protocol editor-framework registered
2017-06-28T19:00:12.453Z - success: protocol app registered
2017-06-28T19:00:12.453Z - success: protocol theme registered
2017-06-28T19:00:12.453Z - success: protocol profile registered
2017-06-28T19:00:12.453Z - success: protocol packages registered
2017-06-28T19:00:12.454Z - success: protocol unpack registerred
2017-06-28T19:00:12.454Z - success: protocol disable-commonjs registerred
2017-06-28T19:00:15.449Z - normal: failed to connect login server due to request timeout
2017-06-28T19:00:15.451Z - normal: Check project C:\Users\Lan\Documents\interactiveBooksCocos2xJS-development-5cf7ad99c286d5e51ddc618193b6739100bad26c\InteractiveBook
2017-06-28T19:00:15.454Z - normal: Initializing Cocos2d
2017-06-28T19:00:15.817Z - normal: Initializing Asset Database
2017-06-28T19:00:15.952Z - success: protocol uuid registerred
2017-06-28T19:00:15.952Z - success: protocol db registerred
2017-06-28T19:00:15.953Z - success: protocol thumbnail registerred
2017-06-28T19:00:15.953Z - normal: Loading editor/builtin packages
2017-06-28T19:00:15.990Z - success: anysdk loaded
2017-06-28T19:00:16.174Z - success: assets loaded
2017-06-28T19:00:16.177Z - success: builder loaded
2017-06-28T19:00:16.182Z - success: hierarchy loaded
2017-06-28T19:00:16.186Z - success: inspector loaded
2017-06-28T19:00:16.188Z - success: keystore loaded
2017-06-28T19:00:16.192Z - success: node-library loaded
2017-06-28T19:00:16.194Z - success: package-asset loaded
2017-06-28T19:00:16.197Z - success: preferences loaded
2017-06-28T19:00:16.220Z - success: project-importer loaded
2017-06-28T19:00:16.222Z - success: project-settings loaded
2017-06-28T19:00:16.235Z - success: ui-kit loaded
2017-06-28T19:00:16.238Z - success: ui-grid loaded
2017-06-28T19:00:16.242Z - success: scene loaded
2017-06-28T19:00:16.244Z - success: sprite-editor loaded
2017-06-28T19:00:16.249Z - success: store loaded
2017-06-28T19:00:16.256Z - success: timeline loaded
2017-06-28T19:00:16.257Z - normal: Loading builtin packages
2017-06-28T19:00:16.271Z - success: asset-db-debugger loaded
2017-06-28T19:00:16.273Z - success: code-editor loaded
2017-06-28T19:00:16.273Z - success: color-picker loaded
2017-06-28T19:00:16.283Z - success: console loaded
2017-06-28T19:00:16.286Z - success: package-manager loaded
2017-06-28T19:00:16.312Z - success: sdkbox loaded
2017-06-28T19:00:16.317Z - success: tester loaded
2017-06-28T19:00:16.320Z - success: ui-kit-preview-extra loaded
2017-06-28T19:00:16.323Z - success: ui-kit-preview loaded
2017-06-28T19:00:16.326Z - success: ui-tree loaded
2017-06-28T19:00:17.515Z - normal: Initializing project C:\Users\Lan\Documents\interactiveBooksCocos2xJS-development-5cf7ad99c286d5e51ddc618193b6739100bad26c\InteractiveBook
2017-06-28T19:00:17.577Z - normal: Loading packages
2017-06-28T19:00:17.585Z - normal: Watching packages
2017-06-28T19:00:17.630Z - normal: Run Application
2017-06-28T19:00:19.007Z - success: preview server running at http://localhost:7456
2017-06-28T19:00:25.496Z - normal: 1.5.1
2017-06-28T19:00:26.719Z - normal: ScaleX != ScaleY. Don't know which one to return
